<?xml version="1.0" encoding="UTF-8"?>
<testsuite xmlns:xsi="http://www.w3.org/2001/XMLSchema-instance" xsi:noNamespaceSchemaLocation="https://maven.apache.org/surefire/maven-surefire-plugin/xsd/surefire-test-report.xsd" version="3.0.1" name="com.nt.test.AppTest" time="0.129" tests="4" errors="0" skipped="0" failures="0">
  <properties>
[...]
</properties>
  <testcase name="negatives" classname="com.nt.test.AppTest" time="0.063"/>
  <testcase name="bignum" classname="com.nt.test.AppTest" time="0.004"/>
  <testcase name="smallnum" classname="com.nt.test.AppTest" time="0.003"/>
  <testcase name="zeros" classname="com.nt.test.AppTest" time="0.002"/>
</testsuite>